<?xml version="1.0" encoding="UTF-8"?>
<!-- Generated by org.testng.reporters.JUnitReportReporter -->
<testsuite hostname="LAPTOP-UD0GH7J4" failures="0" tests="1" name="practiseDataDrivenTesting.SeleniumTestReadDataFromRunTimeTest" time="19.391" errors="0" timestamp="2024-04-20T16:21:36 IST" skipped="0">
  <testcase classname="practiseDataDrivenTesting.SeleniumTestReadDataFromRunTimeTest" name="seleniumTest" time="19.391"/>
</testsuite> <!-- practiseDataDrivenTesting.SeleniumTestReadDataFromRunTimeTest -->
